Flow report for khu_sensor
Fri Jan  3 15:08:30 2020
Quartus Prime Version 15.1.0 Build 185 10/21/2015 SJ Lite Edition


---------------------
; Table of Contents ;
---------------------
  1. Legal Notice
  2. Flow Summary
  3. Flow Settings
  4. Flow Non-Default Global Settings
  5. Flow Elapsed Time
  6. Flow OS Summary
  7. Flow Log
  8. Flow Messages
  9. Flow Suppressed Messages



----------------
; Legal Notice ;
----------------
Copyright (C) 1991-2015 Altera Corporation. All rights reserved.
Your use of Altera Corporation's design tools, logic functions 
and other software and tools, and its AMPP partner logic 
functions, and any output files from any of the foregoing 
(including device programming or simulation files), and any 
associated documentation or information are expressly subject 
to the terms and conditions of the Altera Program License 
Subscription Agreement, the Altera Quartus Prime License Agreement,
the Altera MegaCore Function License Agreement, or other 
applicable license agreement, including, without limitation, 
that your use is for the sole purpose of programming logic 
devices manufactured by Altera and sold by Altera or its 
authorized distributors.  Please refer to the applicable 
agreement for further details.



+----------------------------------------------------------------------------------+
; Flow Summary                                                                     ;
+------------------------------------+---------------------------------------------+
; Flow Status                        ; Successful - Fri Jan  3 15:08:30 2020       ;
; Quartus Prime Version              ; 15.1.0 Build 185 10/21/2015 SJ Lite Edition ;
; Revision Name                      ; khu_sensor                                  ;
; Top-level Entity Name              ; khu_sensor                                  ;
; Family                             ; Cyclone IV E                                ;
; Device                             ; EP4CE115F29C7                               ;
; Timing Models                      ; Final                                       ;
; Total logic elements               ; 1,891 / 114,480 ( 2 % )                     ;
;     Total combinational functions  ; 1,699 / 114,480 ( 1 % )                     ;
;     Dedicated logic registers      ; 1,073 / 114,480 ( < 1 % )                   ;
; Total registers                    ; 1077                                        ;
; Total pins                         ; 72 / 529 ( 14 % )                           ;
; Total virtual pins                 ; 0                                           ;
; Total memory bits                  ; 256 / 3,981,312 ( < 1 % )                   ;
; Embedded Multiplier 9-bit elements ; 0 / 532 ( 0 % )                             ;
; Total PLLs                         ; 1 / 4 ( 25 % )                              ;
+------------------------------------+---------------------------------------------+


+-----------------------------------------+
; Flow Settings                           ;
+-------------------+---------------------+
; Option            ; Setting             ;
+-------------------+---------------------+
; Start date & time ; 01/03/2020 15:06:50 ;
; Main task         ; Compilation         ;
; Revision Name     ; khu_sensor          ;
+-------------------+---------------------+


+----------------------------------------------------------------------------------------------------------------------------+
; Flow Non-Default Global Settings                                                                                           ;
+-------------------------------------+---------------------------------------+---------------+-------------+----------------+
; Assignment Name                     ; Value                                 ; Default Value ; Entity Name ; Section Id     ;
+-------------------------------------+---------------------------------------+---------------+-------------+----------------+
; COMPILER_SIGNATURE_ID               ; 121373706626.157803161006044          ; --            ; --          ; --             ;
; EDA_OUTPUT_DATA_FORMAT              ; Verilog Hdl                           ; --            ; --          ; eda_simulation ;
; EDA_SIMULATION_TOOL                 ; ModelSim-Altera (Verilog)             ; <None>        ; --          ; --             ;
; ENABLE_SIGNALTAP                    ; On                                    ; --            ; --          ; --             ;
; MAX_CORE_JUNCTION_TEMP              ; 85                                    ; --            ; --          ; --             ;
; MIN_CORE_JUNCTION_TEMP              ; 0                                     ; --            ; --          ; --             ;
; MISC_FILE                           ; source/my_ddio_out.ppf                ; --            ; --          ; --             ;
; MISC_FILE                           ; source/my_pll.ppf                     ; --            ; --          ; --             ;
; NOMINAL_CORE_SUPPLY_VOLTAGE         ; 1.2V                                  ; --            ; --          ; --             ;
; PARTITION_COLOR                     ; 16764057                              ; --            ; --          ; Top            ;
; PARTITION_FITTER_PRESERVATION_LEVEL ; PLACEMENT_AND_ROUTING                 ; --            ; --          ; Top            ;
; PARTITION_NETLIST_TYPE              ; SOURCE                                ; --            ; --          ; Top            ;
; POWER_BOARD_THERMAL_MODEL           ; None (CONSERVATIVE)                   ; --            ; --          ; --             ;
; POWER_PRESET_COOLING_SOLUTION       ; 23 MM HEAT SINK WITH 200 LFPM AIRFLOW ; --            ; --          ; --             ;
; PROJECT_OUTPUT_DIRECTORY            ; output_files                          ; --            ; --          ; --             ;
; USE_SIGNALTAP_FILE                  ; i2c/rtl/verilog/stp1.stp              ; --            ; --          ; --             ;
+-------------------------------------+---------------------------------------+---------------+-------------+----------------+


+-------------------------------------------------------------------------------------------------------------------------------+
; Flow Elapsed Time                                                                                                             ;
+---------------------------+--------------+-------------------------+---------------------+------------------------------------+
; Module Name               ; Elapsed Time ; Average Processors Used ; Peak Virtual Memory ; Total CPU Time (on all processors) ;
+---------------------------+--------------+-------------------------+---------------------+------------------------------------+
; Analysis & Synthesis      ; 00:00:25     ; 1.0                     ; 1182 MB             ; 00:00:49                           ;
; Fitter                    ; 00:00:31     ; 1.0                     ; 1527 MB             ; 00:00:34                           ;
; Assembler                 ; 00:00:05     ; 1.0                     ; 1031 MB             ; 00:00:05                           ;
; TimeQuest Timing Analyzer ; 00:00:03     ; 1.0                     ; 1125 MB             ; 00:00:03                           ;
; EDA Netlist Writer        ; 00:00:02     ; 1.0                     ; 1301 MB             ; 00:00:03                           ;
; Total                     ; 00:01:06     ; --                      ; --                  ; 00:01:34                           ;
+---------------------------+--------------+-------------------------+---------------------+------------------------------------+


+-----------------------------------------------------------------------------------------------------------------+
; Flow OS Summary                                                                                                 ;
+---------------------------+--------------------------------------+----------------+------------+----------------+
; Module Name               ; Machine Hostname                     ; OS Name        ; OS Version ; Processor type ;
+---------------------------+--------------------------------------+----------------+------------+----------------+
; Analysis & Synthesis      ; parallels-Parallels-Virtual-Platform ; Ubuntu 18.04.3 ; 18         ; x86_64         ;
; Fitter                    ; parallels-Parallels-Virtual-Platform ; Ubuntu 18.04.3 ; 18         ; x86_64         ;
; Assembler                 ; parallels-Parallels-Virtual-Platform ; Ubuntu 18.04.3 ; 18         ; x86_64         ;
; TimeQuest Timing Analyzer ; parallels-Parallels-Virtual-Platform ; Ubuntu 18.04.3 ; 18         ; x86_64         ;
; EDA Netlist Writer        ; parallels-Parallels-Virtual-Platform ; Ubuntu 18.04.3 ; 18         ; x86_64         ;
+---------------------------+--------------------------------------+----------------+------------+----------------+


------------
; Flow Log ;
------------
quartus_map --read_settings_files=on --write_settings_files=off khu_sensor -c khu_sensor
quartus_fit --read_settings_files=off --write_settings_files=off khu_sensor -c khu_sensor
quartus_asm --read_settings_files=off --write_settings_files=off khu_sensor -c khu_sensor
quartus_sta khu_sensor -c khu_sensor
quartus_eda --read_settings_files=off --write_settings_files=off khu_sensor -c khu_sensor



